2023-09-08 00:50:39,609 - autofit.non_linear.abstract_search - INFO - Creating search
2023-09-08 00:50:39,612 - overview_point_source - INFO - Starting search
2023-09-08 00:50:39,616 - overview_point_source - INFO - Saving path info
2023-09-08 00:50:39,670 - overview_point_source - INFO - Not complete. Starting non-linear search.
2023-09-08 00:50:39,671 - overview_point_source - INFO - No Dynesty samples found, beginning new non-linear search. 
2023-09-08 00:50:39,736 - autofit.non_linear.initializer - INFO - Generating initial samples of model, which are subject to prior limits and other constraints.
2023-09-14 13:35:52,582 - autofit.non_linear.abstract_search - INFO - Creating search
2023-09-14 13:35:52,586 - overview_point_source - INFO - Starting search
2023-09-14 13:35:52,589 - overview_point_source - INFO - Saving path info
2023-09-14 13:35:52,733 - overview_point_source - INFO - Not complete. Starting non-linear search.
2023-09-14 13:35:52,735 - overview_point_source - INFO - No Dynesty samples found, beginning new non-linear search. 
2023-09-14 13:35:52,815 - autofit.non_linear.initializer - INFO - Generating initial samples of model, which are subject to prior limits and other constraints.
2023-09-14 13:44:14,877 - autofit.non_linear.abstract_search - INFO - Creating search
2023-09-14 13:44:14,880 - overview_point_source - INFO - Starting search
2023-09-14 13:44:14,883 - overview_point_source - INFO - Saving path info
2023-09-14 13:44:15,026 - overview_point_source - INFO - Not complete. Starting non-linear search.
2023-09-14 13:44:15,032 - overview_point_source - INFO - No Dynesty samples found, beginning new non-linear search. 
2023-09-14 13:44:15,107 - autofit.non_linear.initializer - INFO - Generating initial samples of model, which are subject to prior limits and other constraints.
2023-09-14 13:45:04,839 - autofit.non_linear.abstract_search - INFO - Creating search
2023-09-14 13:45:04,843 - overview_point_source - INFO - Starting search
2023-09-14 13:45:04,847 - overview_point_source - INFO - Saving path info
2023-09-14 13:45:04,994 - overview_point_source - INFO - Not complete. Starting non-linear search.
2023-09-14 13:45:04,995 - overview_point_source - INFO - No Dynesty samples found, beginning new non-linear search. 
2023-09-14 13:45:06,253 - autofit.non_linear.initializer - INFO - Generating initial samples of model, which are subject to prior limits and other constraints.
2023-09-14 13:51:22,270 - autofit.non_linear.abstract_search - INFO - Creating search
2023-09-14 13:51:22,274 - overview_point_source - INFO - Starting search
2023-09-14 13:51:22,277 - overview_point_source - INFO - Saving path info
2023-09-14 13:51:22,422 - overview_point_source - INFO - Not complete. Starting non-linear search.
2023-09-14 13:51:22,423 - overview_point_source - INFO - No Dynesty samples found, beginning new non-linear search. 
2023-09-14 13:51:23,693 - autofit.non_linear.initializer - INFO - Generating initial samples of model, which are subject to prior limits and other constraints.
2023-09-14 15:22:45,337 - autofit.non_linear.abstract_search - INFO - Creating search
2023-09-14 15:35:55,043 - autofit.non_linear.abstract_search - INFO - Creating search
2023-09-14 15:36:21,646 - autofit.non_linear.abstract_search - INFO - Creating search
2023-09-14 15:50:06,664 - autofit.non_linear.abstract_search - INFO - Creating search
2023-09-14 15:52:19,368 - autofit.non_linear.abstract_search - INFO - Creating search
2023-09-14 15:52:32,778 - autofit.non_linear.abstract_search - INFO - Creating search
2023-09-14 16:07:59,825 - autofit.non_linear.abstract_search - INFO - Creating search
2023-09-14 16:10:56,098 - autofit.non_linear.abstract_search - INFO - Creating search
2023-09-14 16:23:29,591 - autofit.non_linear.abstract_search - INFO - Creating search
2023-09-14 17:08:22,555 - autofit.non_linear.abstract_search - INFO - Creating search
2023-09-14 19:34:58,364 - autofit.non_linear.abstract_search - INFO - Creating search
2023-09-14 19:57:28,565 - autofit.non_linear.abstract_search - INFO - Creating search
2023-09-14 19:57:32,036 - autofit.non_linear.abstract_search - INFO - Creating search
2023-09-14 19:58:30,548 - autofit.non_linear.abstract_search - INFO - Creating search
2023-09-14 19:59:01,960 - autofit.non_linear.abstract_search - INFO - Creating search
2023-09-14 19:59:12,240 - autofit.non_linear.abstract_search - INFO - Creating search
2023-09-14 19:59:21,215 - autofit.non_linear.abstract_search - INFO - Creating search
2023-09-14 19:59:50,753 - autofit.non_linear.abstract_search - INFO - Creating search
2023-09-14 19:59:57,638 - autofit.non_linear.abstract_search - INFO - Creating search
2023-09-14 20:00:09,319 - autofit.non_linear.abstract_search - INFO - Creating search
2023-09-14 20:00:22,221 - autofit.non_linear.abstract_search - INFO - Creating search
2023-09-14 20:04:43,348 - autofit.non_linear.abstract_search - INFO - Creating search
2023-09-14 20:05:31,724 - autofit.non_linear.abstract_search - INFO - Creating search
2023-09-14 20:06:17,142 - autofit.non_linear.abstract_search - INFO - Creating search
2023-09-14 20:06:42,131 - autofit.non_linear.abstract_search - INFO - Creating search
2023-09-14 20:07:53,978 - autofit.non_linear.abstract_search - INFO - Creating search
2023-09-14 20:08:17,921 - autofit.non_linear.abstract_search - INFO - Creating search
2023-09-14 20:10:11,125 - autofit.non_linear.abstract_search - INFO - Creating search
2023-09-14 20:10:34,702 - autofit.non_linear.abstract_search - INFO - Creating search
2023-09-14 20:10:34,705 - overview_point_source - INFO - Starting search
2023-09-14 20:10:34,709 - overview_point_source - INFO - Saving path info
2023-09-14 20:10:34,856 - overview_point_source - INFO - Not complete. Starting non-linear search.
2023-09-14 20:10:34,858 - overview_point_source - INFO - No Dynesty samples found, beginning new non-linear search. 
2023-09-14 20:10:36,171 - autofit.non_linear.initializer - INFO - Generating initial samples of model, which are subject to prior limits and other constraints.
2023-09-14 20:11:03,627 - autofit.non_linear.abstract_search - INFO - Creating search
2023-09-14 20:11:03,631 - overview_point_source - INFO - Starting search
2023-09-14 20:11:03,634 - overview_point_source - INFO - Saving path info
2023-09-14 20:11:03,781 - overview_point_source - INFO - Not complete. Starting non-linear search.
2023-09-14 20:11:03,786 - overview_point_source - INFO - No Dynesty samples found, beginning new non-linear search. 
2023-09-14 20:11:05,161 - autofit.non_linear.initializer - INFO - Generating initial samples of model, which are subject to prior limits and other constraints.
2023-09-17 19:40:33,690 - autofit.non_linear.abstract_search - INFO - Creating search
2023-09-17 19:40:33,694 - overview_point_source - INFO - Starting search
2023-09-17 19:40:33,699 - overview_point_source - INFO - Saving path info
2023-09-17 19:40:33,878 - overview_point_source - INFO - Not complete. Starting non-linear search.
2023-09-17 19:40:33,885 - overview_point_source - INFO - No Dynesty samples found, beginning new non-linear search. 
2023-09-17 19:40:33,956 - autofit.non_linear.initializer - INFO - Generating initial samples of model, which are subject to prior limits and other constraints.
2023-09-17 19:41:01,758 - autofit.non_linear.abstract_search - INFO - Creating search
2023-09-17 19:41:40,132 - autofit.non_linear.abstract_search - INFO - Creating search
2023-09-17 19:52:18,140 - autofit.non_linear.abstract_search - INFO - Creating search
2023-09-17 19:52:36,367 - autofit.non_linear.abstract_search - INFO - Creating search
2023-09-17 20:03:04,040 - autofit.non_linear.abstract_search - INFO - Creating search
2023-09-17 20:31:32,439 - autofit.non_linear.abstract_search - INFO - Creating search
2023-09-17 20:31:32,441 - point_source_gridTrial - INFO - Starting search
2023-09-17 20:31:32,443 - point_source_gridTrial - INFO - Saving path info
2023-09-17 20:31:32,593 - point_source_gridTrial - INFO - Not complete. Starting non-linear search.
2023-09-17 20:31:32,596 - point_source_gridTrial - INFO - No Dynesty samples found, beginning new non-linear search. 
2023-09-17 20:31:32,674 - autofit.non_linear.initializer - INFO - Generating initial samples of model, which are subject to prior limits and other constraints.
2023-09-17 20:33:39,783 - autofit.non_linear.abstract_search - INFO - Creating search
2023-09-17 20:33:39,784 - point_source_gridTrial - INFO - Starting search
2023-09-17 20:33:39,785 - point_source_gridTrial - INFO - Saving path info
2023-09-17 20:33:39,822 - point_source_gridTrial - INFO - Not complete. Starting non-linear search.
2023-09-17 20:33:39,827 - point_source_gridTrial - INFO - No Dynesty samples found, beginning new non-linear search. 
2023-09-17 20:33:39,896 - autofit.non_linear.initializer - INFO - Generating initial samples of model, which are subject to prior limits and other constraints.
2023-09-17 20:40:40,695 - autofit.non_linear.abstract_search - INFO - Creating search
2023-09-17 20:40:40,698 - point_source_gridTrial - INFO - Starting search
2023-09-17 20:40:40,701 - point_source_gridTrial - INFO - Saving path info
2023-09-17 20:40:40,849 - point_source_gridTrial - INFO - Not complete. Starting non-linear search.
2023-09-17 20:40:40,851 - point_source_gridTrial - INFO - No Dynesty samples found, beginning new non-linear search. 
2023-09-17 20:40:42,103 - autofit.non_linear.initializer - INFO - Generating initial samples of model, which are subject to prior limits and other constraints.
2023-09-17 20:41:04,433 - point_source_gridTrial - INFO - 5000 Iterations: Performing update (Visualization, outputting samples, etc.).
2023-09-17 20:41:10,854 - root - WARNING - Too few points to create valid contours.
2023-09-17 20:41:10,854 - root - WARNING - No points at all in the plotted region
2023-09-17 20:41:10,858 - autofit.plot.samples_plotters - INFO - DynestyPlotter unable to produce cornerplot visual: posterior estimate thereforenot yet sufficient for this model-fit is not yet robust enough to do this. Visualshould be produced in later update, once posterior estimate is updated.
2023-09-17 20:45:32,937 - autofit.non_linear.abstract_search - INFO - Creating search
2023-09-17 20:45:32,940 - point_sourceChi_01 - INFO - Starting search
2023-09-17 20:45:32,942 - point_sourceChi_01 - INFO - Saving path info
2023-09-17 20:45:33,089 - point_sourceChi_01 - INFO - Not complete. Starting non-linear search.
2023-09-17 20:45:33,090 - point_sourceChi_01 - INFO - No Dynesty samples found, beginning new non-linear search. 
2023-09-17 20:45:34,286 - autofit.non_linear.initializer - INFO - Generating initial samples of model, which are subject to prior limits and other constraints.
2023-09-17 20:45:55,476 - point_sourceChi_01 - INFO - 5000 Iterations: Performing update (Visualization, outputting samples, etc.).
2023-09-17 21:01:04,491 - autofit.non_linear.abstract_search - INFO - Creating search
2023-09-17 21:01:04,496 - point_sourceChi_01 - INFO - Starting search
2023-09-17 21:01:04,498 - point_sourceChi_01 - INFO - Saving path info
2023-09-17 21:01:04,650 - point_sourceChi_01 - INFO - Not complete. Starting non-linear search.
2023-09-17 21:01:04,651 - point_sourceChi_01 - INFO - Existing Dynesty samples found, resuming non-linear search.
2023-09-17 21:56:23,688 - autofit.non_linear.abstract_search - INFO - Creating search
2023-09-17 21:56:23,689 - root - INFO - Starting search
2023-09-17 21:56:23,691 - root - INFO - Saving path info
2023-09-17 21:56:23,691 - root - INFO - Not complete. Starting non-linear search.
2023-09-17 21:56:23,694 - root - INFO - No Dynesty samples found, beginning new non-linear search. 
2023-09-17 21:56:23,766 - autofit.non_linear.initializer - INFO - Generating initial samples of model, which are subject to prior limits and other constraints.
2023-09-17 21:56:36,569 - autofit.non_linear.abstract_search - INFO - Creating search
2023-09-17 21:56:36,571 - root - INFO - Starting search
2023-09-17 21:56:36,573 - root - INFO - Saving path info
2023-09-17 21:56:36,573 - root - INFO - Not complete. Starting non-linear search.
2023-09-17 21:56:36,575 - root - INFO - No Dynesty samples found, beginning new non-linear search. 
2023-09-17 21:56:36,643 - autofit.non_linear.initializer - INFO - Generating initial samples of model, which are subject to prior limits and other constraints.
2023-10-05 22:20:36,180 - autofit.non_linear.abstract_search - INFO - Creating search
2023-10-05 22:20:36,182 - point_sourceChi_01 - INFO - Starting search
2023-10-05 22:20:36,184 - point_sourceChi_01 - INFO - Saving path info
2023-10-05 22:20:36,337 - point_sourceChi_01 - INFO - Not complete. Starting non-linear search.
2023-10-05 22:20:36,343 - point_sourceChi_01 - INFO - Existing Dynesty samples found, resuming non-linear search.
2023-10-06 00:13:34,985 - autofit.non_linear.abstract_search - INFO - Creating search
2023-10-06 00:13:34,989 - point_sourceChi_01 - INFO - Starting search
2023-10-06 00:13:34,992 - point_sourceChi_01 - INFO - Saving path info
2023-10-06 00:13:35,073 - point_sourceChi_01 - INFO - Not complete. Starting non-linear search.
2023-10-06 00:13:35,075 - point_sourceChi_01 - INFO - No Dynesty samples found, beginning new non-linear search. 
2023-10-06 00:13:35,172 - autofit.non_linear.initializer - INFO - Generating initial samples of model, which are subject to prior limits and other constraints.
2023-10-06 00:22:46,152 - autofit.non_linear.abstract_search - INFO - Creating search
2023-10-06 00:22:46,156 - point_sourceChi_01 - INFO - Starting search
2023-10-06 00:22:46,158 - point_sourceChi_01 - INFO - Saving path info
2023-10-06 00:22:46,312 - point_sourceChi_01 - INFO - Not complete. Starting non-linear search.
2023-10-06 00:22:46,317 - point_sourceChi_01 - INFO - Existing Dynesty samples found, resuming non-linear search.
2023-10-06 00:24:09,072 - autofit.non_linear.abstract_search - INFO - Creating search
2023-10-06 00:24:09,073 - root - INFO - Starting search
2023-10-06 00:24:09,075 - root - INFO - Saving path info
2023-10-06 00:24:09,076 - root - INFO - Not complete. Starting non-linear search.
2023-10-06 00:24:09,077 - root - INFO - No Dynesty samples found, beginning new non-linear search. 
2023-10-06 00:24:10,308 - autofit.non_linear.initializer - INFO - Generating initial samples of model, which are subject to prior limits and other constraints.
2023-10-06 00:24:31,424 - root - INFO - 5000 Iterations: Performing update (Visualization, outputting samples, etc.).
2023-10-06 00:30:00,871 - autofit.non_linear.abstract_search - INFO - Creating search
2023-10-06 00:30:00,872 - root - INFO - Starting search
2023-10-06 00:30:00,874 - root - INFO - Saving path info
2023-10-06 00:30:00,910 - root - INFO - Not complete. Starting non-linear search.
2023-10-06 00:30:00,912 - root - INFO - No Dynesty samples found, beginning new non-linear search. 
2023-10-06 00:30:02,135 - autofit.non_linear.initializer - INFO - Generating initial samples of model, which are subject to prior limits and other constraints.
2023-10-06 00:30:25,144 - root - INFO - 5000 Iterations: Performing update (Visualization, outputting samples, etc.).
2023-10-06 00:31:06,395 - autofit.non_linear.abstract_search - INFO - Creating search
2023-10-06 00:31:06,397 - root - INFO - Starting search
2023-10-06 00:31:06,399 - root - INFO - Saving path info
2023-10-06 00:31:06,547 - root - INFO - Not complete. Starting non-linear search.
2023-10-06 00:31:06,549 - root - INFO - Existing Dynesty samples found, resuming non-linear search.
2023-10-11 10:06:01,161 - autofit.non_linear.abstract_search - INFO - Creating search
2023-10-11 10:06:01,164 - root - INFO - Starting search
2023-10-11 10:06:01,166 - root - INFO - Saving path info
2023-10-11 10:06:01,168 - root - INFO - Not complete. Starting non-linear search.
2023-10-11 10:06:01,170 - root - INFO - No Dynesty samples found, beginning new non-linear search. 
2023-10-11 10:06:01,251 - autofit.non_linear.initializer - INFO - Generating initial samples of model, which are subject to prior limits and other constraints.
2023-10-17 20:04:20,011 - autofit.non_linear.abstract_search - INFO - Creating search
2023-10-17 20:04:20,013 - root - INFO - Starting search
2023-10-17 20:04:20,015 - root - INFO - Saving path info
2023-10-17 20:04:20,016 - root - INFO - Not complete. Starting non-linear search.
2023-10-17 20:04:20,018 - root - INFO - No Dynesty samples found, beginning new non-linear search. 
2023-10-17 20:04:20,087 - autofit.non_linear.initializer - INFO - Generating initial samples of model, which are subject to prior limits and other constraints.
2023-10-17 20:06:06,418 - root - INFO - 5000 Iterations: Performing update (Visualization, outputting samples, etc.).
2023-10-17 20:07:22,295 - root - INFO - 10000 Iterations: Performing update (Visualization, outputting samples, etc.).
2023-10-17 20:08:37,332 - root - INFO - 15000 Iterations: Performing update (Visualization, outputting samples, etc.).
2023-10-17 20:09:58,610 - root - INFO - 20000 Iterations: Performing update (Visualization, outputting samples, etc.).
2023-10-17 20:10:45,782 - root - INFO - 25000 Iterations: Performing update (Visualization, outputting samples, etc.).
2023-10-17 20:10:50,773 - root - INFO - 30000 Iterations: Performing update (Visualization, outputting samples, etc.).
2023-10-17 20:10:51,300 - root - INFO - 35000 Iterations: Performing update (Visualization, outputting samples, etc.).
2023-10-17 20:11:00,852 - root - INFO - Removing zip file
2023-10-17 20:21:00,679 - autofit.non_linear.abstract_search - INFO - Creating search
2023-10-17 20:21:00,681 - root - INFO - Starting search
2023-10-17 20:21:00,690 - root - INFO - Saving path info
2023-10-17 20:21:00,690 - root - INFO - Not complete. Starting non-linear search.
2023-10-17 20:21:00,692 - root - INFO - No Dynesty samples found, beginning new non-linear search. 
2023-10-17 20:21:00,761 - autofit.non_linear.initializer - INFO - Generating initial samples of model, which are subject to prior limits and other constraints.
2023-10-17 20:22:40,221 - root - INFO - 5000 Iterations: Performing update (Visualization, outputting samples, etc.).
2023-10-17 20:24:07,839 - root - INFO - 10000 Iterations: Performing update (Visualization, outputting samples, etc.).
2023-10-17 20:25:43,684 - root - INFO - 15000 Iterations: Performing update (Visualization, outputting samples, etc.).
2023-10-17 20:27:21,634 - root - INFO - 20000 Iterations: Performing update (Visualization, outputting samples, etc.).
2023-10-17 20:28:55,373 - root - INFO - 25000 Iterations: Performing update (Visualization, outputting samples, etc.).
2023-10-17 20:29:49,045 - root - INFO - 30000 Iterations: Performing update (Visualization, outputting samples, etc.).
2023-10-17 20:29:55,419 - root - INFO - 35000 Iterations: Performing update (Visualization, outputting samples, etc.).
2023-10-17 20:29:56,039 - root - INFO - 40000 Iterations: Performing update (Visualization, outputting samples, etc.).
2023-10-17 20:30:08,168 - root - INFO - Removing zip file
2024-01-17 18:55:41,721 - autofit.non_linear.abstract_search - INFO - Creating search
2024-01-17 18:55:41,724 - root - INFO - Starting search
2024-01-17 18:55:41,733 - root - INFO - Saving path info
2024-01-17 18:55:41,734 - root - INFO - Not complete. Starting non-linear search.
2024-01-17 18:55:41,735 - root - INFO - No Dynesty samples found, beginning new non-linear search. 
2024-01-17 18:55:41,806 - autofit.non_linear.initializer - INFO - Generating initial samples of model, which are subject to prior limits and other constraints.
2024-01-17 18:57:24,171 - root - INFO - 5000 Iterations: Performing update (Visualization, outputting samples, etc.).
2024-01-17 18:58:58,366 - root - INFO - 10000 Iterations: Performing update (Visualization, outputting samples, etc.).
2024-01-17 19:00:23,495 - root - INFO - 15000 Iterations: Performing update (Visualization, outputting samples, etc.).
2024-01-17 19:01:59,099 - root - INFO - 20000 Iterations: Performing update (Visualization, outputting samples, etc.).
2024-01-17 19:03:21,671 - root - INFO - 25000 Iterations: Performing update (Visualization, outputting samples, etc.).
2024-01-17 19:04:55,297 - root - INFO - 30000 Iterations: Performing update (Visualization, outputting samples, etc.).
2024-01-17 19:06:25,717 - root - INFO - 35000 Iterations: Performing update (Visualization, outputting samples, etc.).
2024-01-17 19:07:59,071 - root - INFO - 40000 Iterations: Performing update (Visualization, outputting samples, etc.).
2024-01-17 19:09:34,925 - root - INFO - 45000 Iterations: Performing update (Visualization, outputting samples, etc.).
2024-01-17 19:10:35,941 - root - INFO - 50000 Iterations: Performing update (Visualization, outputting samples, etc.).
2024-01-17 19:10:41,442 - root - INFO - 55000 Iterations: Performing update (Visualization, outputting samples, etc.).
2024-01-17 19:10:42,536 - root - INFO - 60000 Iterations: Performing update (Visualization, outputting samples, etc.).
2024-01-17 19:11:02,337 - root - INFO - Removing zip file
